Performing C SOURCE FILE Test CMAKE_HAVE_LIBC_PTHREAD failed with the following output:
Change Dir: /home/q-v-/文档/slam_learn/slam/build/CMakeFiles/CMakeTmp

Run Build Command(s):/usr/bin/make cmTC_305cd/fast && /usr/bin/make -f CMakeFiles/cmTC_305cd.dir/build.make CMakeFiles/cmTC_305cd.dir/build
make[1]: 进入目录“/home/q-v-/文档/slam_learn/slam/build/CMakeFiles/CMakeTmp”
Building C object CMakeFiles/cmTC_305cd.dir/src.c.o
/usr/bin/cc   -DCMAKE_HAVE_LIBC_PTHREAD   -o CMakeFiles/cmTC_305cd.dir/src.c.o   -c /home/q-v-/文档/slam_learn/slam/build/CMakeFiles/CMakeTmp/src.c
Linking C executable cmTC_305cd
/usr/bin/cmake -E cmake_link_script CMakeFiles/cmTC_305cd.dir/link.txt --verbose=1
/usr/bin/cc  -DCMAKE_HAVE_LIBC_PTHREAD    -rdynamic CMakeFiles/cmTC_305cd.dir/src.c.o  -o cmTC_305cd 
/usr/bin/ld: CMakeFiles/cmTC_305cd.dir/src.c.o: in function `main':
src.c:(.text+0x46): undefined reference to `pthread_create'
/usr/bin/ld: src.c:(.text+0x52): undefined reference to `pthread_detach'
/usr/bin/ld: src.c:(.text+0x63): undefined reference to `pthread_join'
collect2: error: ld returned 1 exit status
make[1]: *** [CMakeFiles/cmTC_305cd.dir/build.make:87：cmTC_305cd] 错误 1
make[1]: 离开目录“/home/q-v-/文档/slam_learn/slam/build/CMakeFiles/CMakeTmp”
make: *** [Makefile:121：cmTC_305cd/fast] 错误 2


Source file was:
#include <pthread.h>

void* test_func(void* data)
{
  return data;
}

int main(void)
{
  pthread_t thread;
  pthread_create(&thread, NULL, test_func, NULL);
  pthread_detach(thread);
  pthread_join(thread, NULL);
  pthread_atfork(NULL, NULL, NULL);
  pthread_exit(NULL);

  return 0;
}

Determining if the function pthread_create exists in the pthreads failed with the following output:
Change Dir: /home/q-v-/文档/slam_learn/slam/build/CMakeFiles/CMakeTmp

Run Build Command(s):/usr/bin/make cmTC_6d525/fast && /usr/bin/make -f CMakeFiles/cmTC_6d525.dir/build.make CMakeFiles/cmTC_6d525.dir/build
make[1]: 进入目录“/home/q-v-/文档/slam_learn/slam/build/CMakeFiles/CMakeTmp”
Building C object CMakeFiles/cmTC_6d525.dir/CheckFunctionExists.c.o
/usr/bin/cc   -DCHECK_FUNCTION_EXISTS=pthread_create   -o CMakeFiles/cmTC_6d525.dir/CheckFunctionExists.c.o   -c /usr/share/cmake-3.16/Modules/CheckFunctionExists.c
Linking C executable cmTC_6d525
/usr/bin/cmake -E cmake_link_script CMakeFiles/cmTC_6d525.dir/link.txt --verbose=1
/usr/bin/cc  -DCHECK_FUNCTION_EXISTS=pthread_create    -rdynamic CMakeFiles/cmTC_6d525.dir/CheckFunctionExists.c.o  -o cmTC_6d525  -lpthreads 
/usr/bin/ld: 找不到 -lpthreads
collect2: error: ld returned 1 exit status
make[1]: *** [CMakeFiles/cmTC_6d525.dir/build.make:87：cmTC_6d525] 错误 1
make[1]: 离开目录“/home/q-v-/文档/slam_learn/slam/build/CMakeFiles/CMakeTmp”
make: *** [Makefile:121：cmTC_6d525/fast] 错误 2



Determining if the function sgemm_ exists failed with the following output:
Change Dir: /home/q-v-/文档/slam_learn/slam/build/CMakeFiles/CMakeTmp

Run Build Command(s):/usr/bin/make cmTC_706a3/fast && /usr/bin/make -f CMakeFiles/cmTC_706a3.dir/build.make CMakeFiles/cmTC_706a3.dir/build
make[1]: 进入目录“/home/q-v-/文档/slam_learn/slam/build/CMakeFiles/CMakeTmp”
Building C object CMakeFiles/cmTC_706a3.dir/CheckFunctionExists.c.o
/usr/bin/cc   -DCHECK_FUNCTION_EXISTS=sgemm_   -o CMakeFiles/cmTC_706a3.dir/CheckFunctionExists.c.o   -c /usr/share/cmake-3.16/Modules/CheckFunctionExists.c
Linking C executable cmTC_706a3
/usr/bin/cmake -E cmake_link_script CMakeFiles/cmTC_706a3.dir/link.txt --verbose=1
/usr/bin/cc  -DCHECK_FUNCTION_EXISTS=sgemm_    -rdynamic CMakeFiles/cmTC_706a3.dir/CheckFunctionExists.c.o  -o cmTC_706a3 
/usr/bin/ld: CMakeFiles/cmTC_706a3.dir/CheckFunctionExists.c.o: in function `main':
CheckFunctionExists.c:(.text+0x14): undefined reference to `sgemm_'
collect2: error: ld returned 1 exit status
make[1]: *** [CMakeFiles/cmTC_706a3.dir/build.make:87：cmTC_706a3] 错误 1
make[1]: 离开目录“/home/q-v-/文档/slam_learn/slam/build/CMakeFiles/CMakeTmp”
make: *** [Makefile:121：cmTC_706a3/fast] 错误 2



Determining if the function cheev_ exists failed with the following output:
Change Dir: /home/q-v-/文档/slam_learn/slam/build/CMakeFiles/CMakeTmp

Run Build Command(s):/usr/bin/make cmTC_24821/fast && /usr/bin/make -f CMakeFiles/cmTC_24821.dir/build.make CMakeFiles/cmTC_24821.dir/build
make[1]: 进入目录“/home/q-v-/文档/slam_learn/slam/build/CMakeFiles/CMakeTmp”
Building C object CMakeFiles/cmTC_24821.dir/CheckFunctionExists.c.o
/usr/bin/cc   -DCHECK_FUNCTION_EXISTS=cheev_   -o CMakeFiles/cmTC_24821.dir/CheckFunctionExists.c.o   -c /usr/share/cmake-3.16/Modules/CheckFunctionExists.c
Linking C executable cmTC_24821
/usr/bin/cmake -E cmake_link_script CMakeFiles/cmTC_24821.dir/link.txt --verbose=1
/usr/bin/cc  -DCHECK_FUNCTION_EXISTS=cheev_    -rdynamic CMakeFiles/cmTC_24821.dir/CheckFunctionExists.c.o  -o cmTC_24821  /usr/lib/x86_64-linux-gnu/libf77blas.so /usr/lib/x86_64-linux-gnu/libatlas.so 
/usr/bin/ld: CMakeFiles/cmTC_24821.dir/CheckFunctionExists.c.o: in function `main':
CheckFunctionExists.c:(.text+0x14): undefined reference to `cheev_'
collect2: error: ld returned 1 exit status
make[1]: *** [CMakeFiles/cmTC_24821.dir/build.make:89：cmTC_24821] 错误 1
make[1]: 离开目录“/home/q-v-/文档/slam_learn/slam/build/CMakeFiles/CMakeTmp”
make: *** [Makefile:121：cmTC_24821/fast] 错误 2



