22:19:46 [App     ] Build date: Feb 27 2023, 21:07:35
22:19:46 [App     ] CPU: Intel(R) Core(TM) i5-6300HQ CPU @ 2.30GHz (4 cores)
22:19:46 [App     ] RAM: 7.56GB Physical Memory 2.00GB Virtual Memory
22:19:46 [App     ] OS: Linux 5.15.0-56-generic (x86_64)
22:19:46 [App     ] SSE & AVX compatible CPU & OS detected
22:19:46 [App     ] Command line: -w /home/q-v-/文档/MVS/data -i scene.mvs -o test_dense.mvs
22:19:46 [App     ] Camera model loaded: platform 0; camera  0; f 1.054x1.054; poses 11
22:19:46 [App     ] Image loaded   0: 00000.jpg
22:19:46 [App     ] Image loaded   1: 00001.jpg
22:19:46 [App     ] Image loaded   2: 00002.jpg
22:19:46 [App     ] Image loaded   3: 00003.jpg
22:19:46 [App     ] Image loaded   4: 00004.jpg
22:19:46 [App     ] Image loaded   5: 00005.jpg
22:19:46 [App     ] Image loaded   6: 00006.jpg
22:19:46 [App     ] Image loaded   7: 00007.jpg
22:19:46 [App     ] Image loaded   8: 00008.jpg
22:19:47 [App     ] Image loaded   9: 00009.jpg
22:19:47 [App     ] Image loaded  10: 00010.jpg
22:19:47 [App     ] Scene loaded from interface format (549ms):
	11 images (11 calibrated) with a total of 63.22 MPixels (5.75 MPixels/image)
	12683 points, 0 vertices, 0 faces
22:19:47 [App     ] Preparing images for dense reconstruction completed: 11 images (265ms)
22:19:47 [App     ] Selecting images for dense reconstruction completed: 11 images (8ms)
22:19:47 [App     ] Reference image   3 paired with 4 views
22:19:47 [App     ] Reference image   6 paired with 4 views
