14:56:58 [App     ] Build date: Mar  1 2023, 11:00:56
14:56:58 [App     ] CPU: Intel(R) Core(TM) i5-6300HQ CPU @ 2.30GHz (4 cores)
14:56:58 [App     ] RAM: 7.56GB Physical Memory 2.00GB Virtual Memory
14:56:58 [App     ] OS: Linux 5.15.0-60-generic (x86_64)
14:56:59 [App     ] SSE & AVX compatible CPU & OS detected
14:56:59 [App     ] Command line: -w /home/q-v-/文档/MVS/data -i scene.mvs -o test_dense.mvs
14:56:59 [App     ] Camera model loaded: platform 0; camera  0; f 1.054x1.054; poses 11
14:56:59 [App     ] Image loaded   0: 00000.jpg
14:56:59 [App     ] Image loaded   1: 00001.jpg
14:56:59 [App     ] Image loaded   2: 00002.jpg
14:56:59 [App     ] Image loaded   3: 00003.jpg
14:56:59 [App     ] Image loaded   4: 00004.jpg
14:56:59 [App     ] Image loaded   5: 00005.jpg
14:56:59 [App     ] Image loaded   6: 00006.jpg
14:56:59 [App     ] Image loaded   7: 00007.jpg
14:56:59 [App     ] Image loaded   8: 00008.jpg
14:56:59 [App     ] Image loaded   9: 00009.jpg
14:56:59 [App     ] Image loaded  10: 00010.jpg
14:56:59 [App     ] Scene loaded from interface format (551ms):
	11 images (11 calibrated) with a total of 63.22 MPixels (5.75 MPixels/image)
	12683 points, 0 vertices, 0 faces
14:56:59 [App     ] Preparing images for dense reconstruction completed: 11 images (243ms)
14:57:00 [App     ] Selecting images for dense reconstruction completed: 11 images (7ms)
14:57:00 [App     ] Reference image   6 paired with 4 views
14:57:00 [App     ] Reference image   0 paired with 4 views
