16:45:28 [App     ] Build date: Feb 27 2023, 21:07:35
16:45:28 [App     ] CPU: Intel(R) Core(TM) i5-6300HQ CPU @ 2.30GHz (4 cores)
16:45:28 [App     ] RAM: 7.56GB Physical Memory 2.00GB Virtual Memory
16:45:28 [App     ] OS: Linux 5.15.0-56-generic (x86_64)
16:45:28 [App     ] SSE & AVX compatible CPU & OS detected
16:45:28 [App     ] Command line: -w /home/q-v-/文档/MVS/data -i scene.mvs -o test_dense.mvs
16:45:28 [App     ] Camera model loaded: platform 0; camera  0; f 1.054x1.054; poses 11
16:45:28 [App     ] Image loaded   0: 00000.jpg
16:45:28 [App     ] Image loaded   1: 00001.jpg
16:45:28 [App     ] Image loaded   2: 00002.jpg
16:45:28 [App     ] Image loaded   3: 00003.jpg
16:45:28 [App     ] Image loaded   4: 00004.jpg
16:45:28 [App     ] Image loaded   5: 00005.jpg
16:45:28 [App     ] Image loaded   6: 00006.jpg
16:45:28 [App     ] Image loaded   7: 00007.jpg
16:45:29 [App     ] Image loaded   8: 00008.jpg
16:45:29 [App     ] Image loaded   9: 00009.jpg
16:45:29 [App     ] Image loaded  10: 00010.jpg
16:45:29 [App     ] Scene loaded from interface format (681ms):
	11 images (11 calibrated) with a total of 63.22 MPixels (5.75 MPixels/image)
	12683 points, 0 vertices, 0 faces
16:45:29 [App     ] Preparing images for dense reconstruction completed: 11 images (242ms)
16:45:29 [App     ] Selecting images for dense reconstruction completed: 11 images (7ms)
16:45:29 [App     ] Reference image   6 paired with 4 views
16:45:29 [App     ] Reference image   0 paired with 4 views
